[    86.429] (--) Log file renamed from "/home/andiiuw/.local/share/xorg/Xorg.pid-1554.log" to "/home/andiiuw/.local/share/xorg/Xorg.0.log"
[    86.429] 
X.Org X Server 1.19.6
Release Date: 2017-12-20
[    86.429] X Protocol Version 11, Revision 0
[    86.429] Build Operating System: Linux 4.4.0-119-generic x86_64 Ubuntu
[    86.429] Current Operating System: Linux andiiuw-VirtualBox 4.15.0-20-generic #21-Ubuntu SMP Tue Apr 24 06:16:15 UTC 2018 x86_64
[    86.429] Kernel command line: BOOT_IMAGE=/boot/vmlinuz-4.15.0-20-generic root=UUID=b20f1f20-a386-4bc2-a5d6-0c10f6b7f1ce ro quiet splash
[    86.429] Build Date: 13 April 2018  08:07:36PM
[    86.429] xorg-server 2:1.19.6-1ubuntu4 (For technical support please see http://www.ubuntu.com/support) 
[    86.429] Current version of pixman: 0.34.0
[    86.429] 	Before reporting problems, check http://wiki.x.org
	to make sure that you have the latest version.
[    86.429] Markers: (--) probed, (**) from config file, (==) default setting,
	(++) from command line, (!!) notice, (II) informational,
	(WW) warning, (EE) error, (NI) not implemented, (??) unknown.
[    86.430] (==) Log file: "/home/andiiuw/.local/share/xorg/Xorg.0.log", Time: Mon Aug 20 11:11:51 2018
[    86.457] (==) Using system config directory "/usr/share/X11/xorg.conf.d"
[    86.473] (==) No Layout section.  Using the first Screen section.
[    86.473] (==) No screen section available. Using defaults.
[    86.473] (**) |-->Screen "Default Screen Section" (0)
[    86.473] (**) |   |-->Monitor "<default monitor>"
[    86.485] (==) No monitor specified for screen "Default Screen Section".
	Using a default monitor configuration.
[    86.485] (==) Automatically adding devices
[    86.485] (==) Automatically enabling devices
[    86.485] (==) Automatically adding GPU devices
[    86.485] (==) Automatically binding GPU devices
[    86.485] (==) Max clients allowed: 256, resource mask: 0x1fffff
[    86.485] (WW) The directory "/usr/share/fonts/X11/cyrillic" does not exist.
[    86.485] 	Entry deleted from font path.
[    86.485] (WW) The directory "/usr/share/fonts/X11/100dpi/" does not exist.
[    86.485] 	Entry deleted from font path.
[    86.485] (WW) The directory "/usr/share/fonts/X11/75dpi/" does not exist.
[    86.485] 	Entry deleted from font path.
[    86.485] (WW) The directory "/usr/share/fonts/X11/100dpi" does not exist.
[    86.485] 	Entry deleted from font path.
[    86.485] (WW) The directory "/usr/share/fonts/X11/75dpi" does not exist.
[    86.485] 	Entry deleted from font path.
[    86.485] (==) FontPath set to:
	/usr/share/fonts/X11/misc,
	/usr/share/fonts/X11/Type1,
	built-ins
[    86.485] (==) ModulePath set to "/usr/lib/xorg/modules"
[    86.485] (II) The server relies on udev to provide the list of input devices.
	If no devices become available, reconfigure udev or disable AutoAddDevices.
[    86.486] (II) Loader magic: 0x55b5b6046020
[    86.486] (II) Module ABI versions:
[    86.486] 	X.Org ANSI C Emulation: 0.4
[    86.486] 	X.Org Video Driver: 23.0
[    86.486] 	X.Org XInput driver : 24.1
[    86.486] 	X.Org Server Extension : 10.0
[    86.487] (++) using VT number 2

[    86.493] (II) systemd-logind: took control of session /org/freedesktop/login1/session/_32
[    86.494] (II) xfree86: Adding drm device (/dev/dri/card0)
[    86.503] (II) systemd-logind: got fd for /dev/dri/card0 226:0 fd 12 paused 0
[    86.506] (--) PCI:*(0:0:2:0) 80ee:beef:0000:0000 rev 0, Mem @ 0xe0000000/16777216, BIOS @ 0x????????/131072
[    86.506] (II) LoadModule: "glx"
[    86.767] (II) Loading /usr/lib/xorg/modules/extensions/libglx.so
[    86.824] (II) Module glx: vendor="X.Org Foundation"
[    86.824] 	compiled for 1.19.6, module version = 1.0.0
[    86.824] 	ABI class: X.Org Server Extension, version 10.0
[    86.824] (==) Matched vboxvideo as autoconfigured driver 0
[    86.824] (==) Matched vboxvideo as autoconfigured driver 1
[    86.824] (==) Matched modesetting as autoconfigured driver 2
[    86.824] (==) Matched fbdev as autoconfigured driver 3
[    86.824] (==) Matched vesa as autoconfigured driver 4
[    86.824] (==) Assigned the driver to the xf86ConfigLayout
[    86.824] (II) LoadModule: "vboxvideo"
[    86.840] (WW) Warning, couldn't open module vboxvideo
[    86.840] (II) UnloadModule: "vboxvideo"
[    86.840] (II) Unloading vboxvideo
[    86.841] (EE) Failed to load module "vboxvideo" (module does not exist, 0)
[    86.841] (II) LoadModule: "modesetting"
[    86.841] (II) Loading /usr/lib/xorg/modules/drivers/modesetting_drv.so
[    86.854] (II) Module modesetting: vendor="X.Org Foundation"
[    86.854] 	compiled for 1.19.6, module version = 1.19.6
[    86.854] 	Module class: X.Org Video Driver
[    86.854] 	ABI class: X.Org Video Driver, version 23.0
[    86.854] (II) LoadModule: "fbdev"
[    86.854] (II) Loading /usr/lib/xorg/modules/drivers/fbdev_drv.so
[    86.878] (II) Module fbdev: vendor="X.Org Foundation"
[    86.878] 	compiled for 1.19.3, module version = 0.4.4
[    86.878] 	Module class: X.Org Video Driver
[    86.878] 	ABI class: X.Org Video Driver, version 23.0
[    86.878] (II) LoadModule: "vesa"
[    86.878] (II) Loading /usr/lib/xorg/modules/drivers/vesa_drv.so
[    86.886] (II) Module vesa: vendor="X.Org Foundation"
[    86.886] 	compiled for 1.19.3, module version = 2.3.4
[    86.886] 	Module class: X.Org Video Driver
[    86.886] 	ABI class: X.Org Video Driver, version 23.0
[    86.886] (==) Matched vboxvideo as autoconfigured driver 0
[    86.886] (==) Matched vboxvideo as autoconfigured driver 1
[    86.886] (==) Matched modesetting as autoconfigured driver 2
[    86.886] (==) Matched fbdev as autoconfigured driver 3
[    86.886] (==) Matched vesa as autoconfigured driver 4
[    86.886] (==) Assigned the driver to the xf86ConfigLayout
[    86.886] (II) LoadModule: "vboxvideo"
[    86.886] (WW) Warning, couldn't open module vboxvideo
[    86.886] (II) UnloadModule: "vboxvideo"
[    86.886] (II) Unloading vboxvideo
[    86.886] (EE) Failed to load module "vboxvideo" (module does not exist, 0)
[    86.886] (II) LoadModule: "modesetting"
[    86.886] (II) Loading /usr/lib/xorg/modules/drivers/modesetting_drv.so
[    86.886] (II) Module modesetting: vendor="X.Org Foundation"
[    86.886] 	compiled for 1.19.6, module version = 1.19.6
[    86.886] 	Module class: X.Org Video Driver
[    86.886] 	ABI class: X.Org Video Driver, version 23.0
[    86.886] (II) UnloadModule: "modesetting"
[    86.886] (II) Unloading modesetting
[    86.886] (II) Failed to load module "modesetting" (already loaded, 0)
[    86.886] (II) LoadModule: "fbdev"
[    86.886] (II) Loading /usr/lib/xorg/modules/drivers/fbdev_drv.so
[    86.886] (II) Module fbdev: vendor="X.Org Foundation"
[    86.886] 	compiled for 1.19.3, module version = 0.4.4
[    86.886] 	Module class: X.Org Video Driver
[    86.886] 	ABI class: X.Org Video Driver, version 23.0
[    86.886] (II) UnloadModule: "fbdev"
[    86.886] (II) Unloading fbdev
[    86.886] (II) Failed to load module "fbdev" (already loaded, 0)
[    86.886] (II) LoadModule: "vesa"
[    86.886] (II) Loading /usr/lib/xorg/modules/drivers/vesa_drv.so
[    86.886] (II) Module vesa: vendor="X.Org Foundation"
[    86.886] 	compiled for 1.19.3, module version = 2.3.4
[    86.887] 	Module class: X.Org Video Driver
[    86.887] 	ABI class: X.Org Video Driver, version 23.0
[    86.887] (II) UnloadModule: "vesa"
[    86.887] (II) Unloading vesa
[    86.887] (II) Failed to load module "vesa" (already loaded, 0)
[    86.887] (II) modesetting: Driver for Modesetting Kernel Drivers: kms
[    86.887] (II) FBDEV: driver for framebuffer: fbdev
[    86.887] (II) VESA: driver for VESA chipsets: vesa
[    86.887] xf86EnableIOPorts: failed to set IOPL for I/O (Operation not permitted)
[    86.887] (II) modeset(0): using drv /dev/dri/card0
[    86.887] (WW) Falling back to old probe method for fbdev
[    86.887] (II) Loading sub module "fbdevhw"
[    86.887] (II) LoadModule: "fbdevhw"
[    86.887] (II) Loading /usr/lib/xorg/modules/libfbdevhw.so
[    86.894] (II) Module fbdevhw: vendor="X.Org Foundation"
[    86.894] 	compiled for 1.19.6, module version = 0.0.2
[    86.894] 	ABI class: X.Org Video Driver, version 23.0
[    86.894] (EE) open /dev/fb0: Permission denied
[    86.894] (WW) Falling back to old probe method for vesa
[    86.894] (WW) VGA arbiter: cannot open kernel arbiter, no multi-card support
[    86.894] (II) modeset(0): Creating default Display subsection in Screen section
	"Default Screen Section" for depth/fbbpp 24/32
[    86.894] (==) modeset(0): Depth 24, (==) framebuffer bpp 32
[    86.894] (==) modeset(0): RGB weight 888
[    86.894] (==) modeset(0): Default visual is TrueColor
[    86.894] (II) Loading sub module "glamoregl"
[    86.894] (II) LoadModule: "glamoregl"
[    86.894] (II) Loading /usr/lib/xorg/modules/libglamoregl.so
[    86.899] (II) Module glamoregl: vendor="X.Org Foundation"
[    86.899] 	compiled for 1.19.6, module version = 1.0.0
[    86.899] 	ABI class: X.Org ANSI C Emulation, version 0.4
[    86.899] (II) glamor: OpenGL accelerated X.org driver based.
[    86.928] (II) glamor: EGL version 1.4 (DRI2):
[    86.928] EGL_MESA_drm_image required.
[    86.928] (EE) modeset(0): glamor initialization failed
[    86.928] (II) modeset(0): ShadowFB: preferred NO, enabled NO
[    86.931] (II) modeset(0): Output VGA-1 has no monitor section
[    86.932] (II) modeset(0): EDID for output VGA-1
[    86.932] (II) modeset(0): Manufacturer: VBX  Model: 0  Serial#: 45286648
[    86.932] (II) modeset(0): Year: 1990  Week: 1
[    86.932] (II) modeset(0): EDID Version: 1.3
[    86.932] (II) modeset(0): Digital Display Input
[    86.932] (II) modeset(0): Indeterminate output size
[    86.932] (II) modeset(0): Gamma: 2.20
[    86.932] (II) modeset(0): DPMS capabilities: StandBy Suspend Off
[    86.932] (II) modeset(0): Supported color encodings: RGB 4:4:4 YCrCb 4:4:4 
[    86.932] (II) modeset(0): Default color space is primary color space
[    86.932] (II) modeset(0): First detailed timing is preferred mode
[    86.932] (II) modeset(0): redX: 0.640 redY: 0.330   greenX: 0.300 greenY: 0.600
[    86.932] (II) modeset(0): blueX: 0.150 blueY: 0.060   whiteX: 0.312 whiteY: 0.329
[    86.932] (II) modeset(0): Manufacturer's mask: 0
[    86.932] (II) modeset(0): Supported detailed timing:
[    86.932] (II) modeset(0): clock: 53.4 MHz   Image Size:  0 x 0 mm
[    86.932] (II) modeset(0): h_active: 1272  h_sync: 1274  h_sync_end 1276 h_blank_end 1278 h_border: 0
[    86.932] (II) modeset(0): v_active: 691  v_sync: 691  v_sync_end 725 v_blanking: 697 v_border: 0
[    86.932] (II) modeset(0): Ranges: V min: 0 V max: 200 Hz, H min: 0 H max: 200 kHz, PixClock max 1005 MHz
[    86.932] (II) modeset(0): Monitor name: VBOX monitor
[    86.932] (II) modeset(0): EDID (in hex):
[    86.932] (II) modeset(0): 	00ffffffffffff0058580000f804b302
[    86.932] (II) modeset(0): 	0100010380000078eeee91a3544c9926
[    86.932] (II) modeset(0): 	0f505400000001010101010101010101
[    86.932] (II) modeset(0): 	010101010101e014f80640b306200202
[    86.932] (II) modeset(0): 	0202000000000000000000fd0000c800
[    86.932] (II) modeset(0): 	c864000a202020202020000000fc0056
[    86.932] (II) modeset(0): 	424f58206d6f6e69746f720a00000010
[    86.932] (II) modeset(0): 	000a20202020202020202020202000a1
[    86.932] (II) modeset(0): Printing probed modes for output VGA-1
[    86.932] (II) modeset(0): Modeline "1272x691"x60.0   70.62  1272 1328 1456 1640  691 694 704 718 -hsync +vsync (43.1 kHz P)
[    86.932] (II) modeset(0): Modeline "2560x1600"x60.0  348.50  2560 2752 3032 3504  1600 1603 1609 1658 -hsync +vsync (99.5 kHz e)
[    86.932] (II) modeset(0): Modeline "2560x1600"x60.0  268.50  2560 2608 2640 2720  1600 1603 1609 1646 +hsync -vsync (98.7 kHz e)
[    86.932] (II) modeset(0): Modeline "1920x1440"x60.0  234.00  1920 2048 2256 2600  1440 1441 1444 1500 -hsync +vsync (90.0 kHz e)
[    86.932] (II) modeset(0): Modeline "1856x1392"x60.0  218.25  1856 1952 2176 2528  1392 1393 1396 1439 -hsync +vsync (86.3 kHz e)
[    86.932] (II) modeset(0): Modeline "1792x1344"x60.0  204.75  1792 1920 2120 2448  1344 1345 1348 1394 -hsync +vsync (83.6 kHz e)
[    86.932] (II) modeset(0): Modeline "2048x1152"x60.0  162.00  2048 2074 2154 2250  1152 1153 1156 1200 +hsync +vsync (72.0 kHz e)
[    86.932] (II) modeset(0): Modeline "1920x1200"x59.9  193.25  1920 2056 2256 2592  1200 1203 1209 1245 -hsync +vsync (74.6 kHz e)
[    86.932] (II) modeset(0): Modeline "1920x1200"x60.0  154.00  1920 1968 2000 2080  1200 1203 1209 1235 +hsync -vsync (74.0 kHz e)
[    86.932] (II) modeset(0): Modeline "1920x1080"x60.0  148.50  1920 2008 2052 2200  1080 1084 1089 1125 -hsync -vsync (67.5 kHz e)
[    86.932] (II) modeset(0): Modeline "1600x1200"x60.0  162.00  1600 1664 1856 2160  1200 1201 1204 1250 +hsync +vsync (75.0 kHz e)
[    86.932] (II) modeset(0): Modeline "1680x1050"x60.0  146.25  1680 1784 1960 2240  1050 1053 1059 1089 -hsync +vsync (65.3 kHz e)
[    86.932] (II) modeset(0): Modeline "1680x1050"x59.9  119.00  1680 1728 1760 1840  1050 1053 1059 1080 +hsync -vsync (64.7 kHz e)
[    86.932] (II) modeset(0): Modeline "1400x1050"x60.0  121.75  1400 1488 1632 1864  1050 1053 1057 1089 -hsync +vsync (65.3 kHz e)
[    86.932] (II) modeset(0): Modeline "1400x1050"x59.9  101.00  1400 1448 1480 1560  1050 1053 1057 1080 +hsync -vsync (64.7 kHz e)
[    86.932] (II) modeset(0): Modeline "1600x900"x60.0  108.00  1600 1624 1704 1800  900 901 904 1000 +hsync +vsync (60.0 kHz e)
[    86.932] (II) modeset(0): Modeline "1280x1024"x60.0  108.00  1280 1328 1440 1688  1024 1025 1028 1066 +hsync +vsync (64.0 kHz e)
[    86.932] (II) modeset(0): Modeline "1440x900"x59.9  106.50  1440 1520 1672 1904  900 903 909 934 -hsync +vsync (55.9 kHz e)
[    86.932] (II) modeset(0): Modeline "1440x900"x59.9   88.75  1440 1488 1520 1600  900 903 909 926 +hsync -vsync (55.5 kHz e)
[    86.932] (II) modeset(0): Modeline "1280x960"x60.0  108.00  1280 1376 1488 1800  960 961 964 1000 +hsync +vsync (60.0 kHz e)
[    86.932] (II) modeset(0): Modeline "1366x768"x59.8   85.50  1366 1436 1579 1792  768 771 774 798 +hsync +vsync (47.7 kHz e)
[    86.932] (II) modeset(0): Modeline "1366x768"x60.0   72.00  1366 1380 1436 1500  768 769 772 800 +hsync +vsync (48.0 kHz e)
[    86.932] (II) modeset(0): Modeline "1360x768"x60.0   85.50  1360 1424 1536 1792  768 771 777 795 +hsync +vsync (47.7 kHz e)
[    86.932] (II) modeset(0): Modeline "1280x800"x59.8   83.50  1280 1352 1480 1680  800 803 809 831 -hsync +vsync (49.7 kHz e)
[    86.932] (II) modeset(0): Modeline "1280x800"x59.9   71.00  1280 1328 1360 1440  800 803 809 823 +hsync -vsync (49.3 kHz e)
[    86.932] (II) modeset(0): Modeline "1280x768"x59.9   79.50  1280 1344 1472 1664  768 771 778 798 -hsync +vsync (47.8 kHz e)
[    86.932] (II) modeset(0): Modeline "1280x768"x60.0   68.25  1280 1328 1360 1440  768 771 778 790 +hsync -vsync (47.4 kHz e)
[    86.932] (II) modeset(0): Modeline "1280x720"x60.0   74.25  1280 1390 1430 1650  720 725 730 750 +hsync +vsync (45.0 kHz e)
[    86.932] (II) modeset(0): Modeline "1024x768"x60.0   65.00  1024 1048 1184 1344  768 771 777 806 -hsync -vsync (48.4 kHz e)
[    86.932] (II) modeset(0): Modeline "800x600"x60.3   40.00  800 840 968 1056  600 601 605 628 +hsync +vsync (37.9 kHz e)
[    86.932] (II) modeset(0): Modeline "800x600"x56.2   36.00  800 824 896 1024  600 601 603 625 +hsync +vsync (35.2 kHz e)
[    86.932] (II) modeset(0): Modeline "848x480"x60.0   33.75  848 864 976 1088  480 486 494 517 +hsync +vsync (31.0 kHz e)
[    86.932] (II) modeset(0): Modeline "640x480"x59.9   25.18  640 656 752 800  480 490 492 525 -hsync -vsync (31.5 kHz e)
[    86.932] (II) modeset(0): Output VGA-1 connected
[    86.932] (II) modeset(0): Using exact sizes for initial modes
[    86.932] (II) modeset(0): Output VGA-1 using initial mode 1272x691 +0+0
[    86.932] (==) modeset(0): Using gamma correction (1.0, 1.0, 1.0)
[    86.932] (==) modeset(0): DPI set to (96, 96)
[    86.932] (II) Loading sub module "fb"
[    86.932] (II) LoadModule: "fb"
[    86.932] (II) Loading /usr/lib/xorg/modules/libfb.so
[    87.145] (II) Module fb: vendor="X.Org Foundation"
[    87.145] 	compiled for 1.19.6, module version = 1.0.0
[    87.145] 	ABI class: X.Org ANSI C Emulation, version 0.4
[    87.145] (II) UnloadModule: "fbdev"
[    87.145] (II) Unloading fbdev
[    87.145] (II) UnloadSubModule: "fbdevhw"
[    87.145] (II) Unloading fbdevhw
[    87.145] (II) UnloadModule: "vesa"
[    87.145] (II) Unloading vesa
[    87.145] (==) Depth 24 pixmap format is 32 bpp
[    87.366] (==) modeset(0): Backing store enabled
[    87.366] (==) modeset(0): Silken mouse enabled
[    87.389] (II) modeset(0): RandR 1.2 enabled, ignore the following RandR disabled message.
[    87.390] (==) modeset(0): DPMS enabled
[    87.390] (--) RandR disabled
[    87.426] (II) SELinux: Disabled on system
[    87.448] (II) AIGLX: Screen 0 is not DRI2 capable
[    87.448] (EE) AIGLX: reverting to software rendering
[    87.451] (II) IGLX: enabled GLX_MESA_copy_sub_buffer
[    87.451] (II) IGLX: Loaded and initialized swrast
[    87.456] (II) GLX: Initialized DRISWRAST GL provider for screen 0
[    87.458] (II) modeset(0): Damage tracking initialized
[    87.458] (II) modeset(0): Setting screen physical size to 336 x 182
[    87.530] (II) config/udev: Adding input device Power Button (/dev/input/event0)
[    87.531] (**) Power Button: Applying InputClass "libinput keyboard catchall"
[    87.531] (II) LoadModule: "libinput"
[    87.531] (II) Loading /usr/lib/xorg/modules/input/libinput_drv.so
[    87.902] (II) Module libinput: vendor="X.Org Foundation"
[    87.903] 	compiled for 1.19.6, module version = 0.27.1
[    87.903] 	Module class: X.Org XInput Driver
[    87.903] 	ABI class: X.Org XInput driver, version 24.1
[    87.903] (II) Using input driver 'libinput' for 'Power Button'
[    87.916] (II) systemd-logind: got fd for /dev/input/event0 13:64 fd 20 paused 0
[    87.916] (**) Power Button: always reports core events
[    87.916] (**) Option "Device" "/dev/input/event0"
[    87.916] (**) Option "_source" "server/udev"
[    87.917] (II) event0  - Power Button: is tagged by udev as: Keyboard
[    87.917] (II) event0  - Power Button: device is a keyboard
[    87.917] (II) event0  - Power Button: device removed
[    87.917] (**) Option "config_info" "udev:/sys/devices/LNXSYSTM:00/LNXPWRBN:00/input/input0/event0"
[    87.917] (II) XINPUT: Adding extended input device "Power Button" (type: KEYBOARD, id 6)
[    87.917] (**) Option "xkb_model" "pc105"
[    87.917] (**) Option "xkb_layout" "us"
[    87.917] (II) event0  - Power Button: is tagged by udev as: Keyboard
[    87.917] (II) event0  - Power Button: device is a keyboard
[    87.918] (II) config/udev: Adding input device Sleep Button (/dev/input/event1)
[    87.918] (**) Sleep Button: Applying InputClass "libinput keyboard catchall"
[    87.918] (II) Using input driver 'libinput' for 'Sleep Button'
[    87.929] (II) systemd-logind: got fd for /dev/input/event1 13:65 fd 23 paused 0
[    87.929] (**) Sleep Button: always reports core events
[    87.929] (**) Option "Device" "/dev/input/event1"
[    87.929] (**) Option "_source" "server/udev"
[    87.930] (II) event1  - Sleep Button: is tagged by udev as: Keyboard
[    87.930] (II) event1  - Sleep Button: device is a keyboard
[    87.930] (II) event1  - Sleep Button: device removed
[    87.930] (**) Option "config_info" "udev:/sys/devices/LNXSYSTM:00/LNXSLPBN:00/input/input1/event1"
[    87.930] (II) XINPUT: Adding extended input device "Sleep Button" (type: KEYBOARD, id 7)
[    87.930] (**) Option "xkb_model" "pc105"
[    87.930] (**) Option "xkb_layout" "us"
[    87.930] (II) event1  - Sleep Button: is tagged by udev as: Keyboard
[    87.930] (II) event1  - Sleep Button: device is a keyboard
[    87.931] (II) config/udev: Adding input device Video Bus (/dev/input/event3)
[    87.931] (**) Video Bus: Applying InputClass "libinput keyboard catchall"
[    87.931] (II) Using input driver 'libinput' for 'Video Bus'
[    87.933] (II) systemd-logind: got fd for /dev/input/event3 13:67 fd 24 paused 0
[    87.934] (**) Video Bus: always reports core events
[    87.934] (**) Option "Device" "/dev/input/event3"
[    87.934] (**) Option "_source" "server/udev"
[    87.934] (II) event3  - Video Bus: is tagged by udev as: Keyboard
[    87.934] (II) event3  - Video Bus: device is a keyboard
[    87.934] (II) event3  - Video Bus: device removed
[    87.934] (**) Option "config_info" "udev:/sys/devices/LNXSYSTM:00/LNXSYBUS:00/PNP0A03:00/LNXVIDEO:00/input/input4/event3"
[    87.934] (II) XINPUT: Adding extended input device "Video Bus" (type: KEYBOARD, id 8)
[    87.934] (**) Option "xkb_model" "pc105"
[    87.934] (**) Option "xkb_layout" "us"
[    87.935] (II) event3  - Video Bus: is tagged by udev as: Keyboard
[    87.935] (II) event3  - Video Bus: device is a keyboard
[    87.938] (II) config/udev: Adding input device VirtualBox mouse integration (/dev/input/event6)
[    87.938] (**) VirtualBox mouse integration: Applying InputClass "libinput pointer catchall"
[    87.938] (II) Using input driver 'libinput' for 'VirtualBox mouse integration'
[    87.939] (II) systemd-logind: got fd for /dev/input/event6 13:70 fd 25 paused 0
[    87.939] (**) VirtualBox mouse integration: always reports core events
[    87.939] (**) Option "Device" "/dev/input/event6"
[    87.939] (**) Option "_source" "server/udev"
[    87.940] (II) event6  - VirtualBox mouse integration: is tagged by udev as: Mouse
[    87.940] (II) event6  - VirtualBox mouse integration: device is a pointer
[    87.940] (II) event6  - VirtualBox mouse integration: device removed
[    87.940] (**) Option "config_info" "udev:/sys/devices/pci0000:00/0000:00:04.0/input/input7/event6"
[    87.940] (II) XINPUT: Adding extended input device "VirtualBox mouse integration" (type: MOUSE, id 9)
[    87.940] (**) Option "AccelerationScheme" "none"
[    87.940] (**) VirtualBox mouse integration: (accel) selected scheme none/0
[    87.940] (**) VirtualBox mouse integration: (accel) acceleration factor: 2.000
[    87.940] (**) VirtualBox mouse integration: (accel) acceleration threshold: 4
[    87.941] (II) event6  - VirtualBox mouse integration: is tagged by udev as: Mouse
[    87.941] (II) event6  - VirtualBox mouse integration: device is a pointer
[    87.941] (II) config/udev: Adding input device VirtualBox mouse integration (/dev/input/js1)
[    87.941] (II) No input driver specified, ignoring this device.
[    87.941] (II) This device may have been added with another device file.
[    87.949] (II) config/udev: Adding input device VirtualBox USB Tablet (/dev/input/event5)
[    87.949] (**) VirtualBox USB Tablet: Applying InputClass "libinput pointer catchall"
[    87.949] (II) Using input driver 'libinput' for 'VirtualBox USB Tablet'
[    88.010] (II) systemd-logind: got fd for /dev/input/event5 13:69 fd 26 paused 0
[    88.010] (**) VirtualBox USB Tablet: always reports core events
[    88.010] (**) Option "Device" "/dev/input/event5"
[    88.010] (**) Option "_source" "server/udev"
[    88.011] (II) event5  - VirtualBox USB Tablet: is tagged by udev as: Mouse
[    88.011] (II) event5  - VirtualBox USB Tablet: device is a pointer
[    88.011] (II) event5  - VirtualBox USB Tablet: device removed
[    88.011] (**) Option "config_info" "udev:/sys/devices/pci0000:00/0000:00:06.0/usb1/1-1/1-1:1.0/0003:80EE:0021.0001/input/input6/event5"
[    88.011] (II) XINPUT: Adding extended input device "VirtualBox USB Tablet" (type: MOUSE, id 10)
[    88.011] (**) Option "AccelerationScheme" "none"
[    88.011] (**) VirtualBox USB Tablet: (accel) selected scheme none/0
[    88.011] (**) VirtualBox USB Tablet: (accel) acceleration factor: 2.000
[    88.011] (**) VirtualBox USB Tablet: (accel) acceleration threshold: 4
[    88.012] (II) event5  - VirtualBox USB Tablet: is tagged by udev as: Mouse
[    88.012] (II) event5  - VirtualBox USB Tablet: device is a pointer
[    88.012] (II) config/udev: Adding input device VirtualBox USB Tablet (/dev/input/js0)
[    88.012] (II) No input driver specified, ignoring this device.
[    88.012] (II) This device may have been added with another device file.
[    88.013] (II) config/udev: Adding input device VirtualBox USB Tablet (/dev/input/mouse1)
[    88.013] (II) No input driver specified, ignoring this device.
[    88.013] (II) This device may have been added with another device file.
[    88.013] (II) config/udev: Adding input device AT Translated Set 2 keyboard (/dev/input/event2)
[    88.015] (**) AT Translated Set 2 keyboard: Applying InputClass "libinput keyboard catchall"
[    88.015] (II) Using input driver 'libinput' for 'AT Translated Set 2 keyboard'
[    88.016] (II) systemd-logind: got fd for /dev/input/event2 13:66 fd 27 paused 0
[    88.017] (**) AT Translated Set 2 keyboard: always reports core events
[    88.017] (**) Option "Device" "/dev/input/event2"
[    88.017] (**) Option "_source" "server/udev"
[    88.017] (II) event2  - AT Translated Set 2 keyboard: is tagged by udev as: Keyboard
[    88.017] (II) event2  - AT Translated Set 2 keyboard: device is a keyboard
[    88.017] (II) event2  - AT Translated Set 2 keyboard: device removed
[    88.017] (**) Option "config_info" "udev:/sys/devices/platform/i8042/serio0/input/input2/event2"
[    88.017] (II) XINPUT: Adding extended input device "AT Translated Set 2 keyboard" (type: KEYBOARD, id 11)
[    88.017] (**) Option "xkb_model" "pc105"
[    88.017] (**) Option "xkb_layout" "us"
[    88.018] (II) event2  - AT Translated Set 2 keyboard: is tagged by udev as: Keyboard
[    88.018] (II) event2  - AT Translated Set 2 keyboard: device is a keyboard
[    88.025] (II) config/udev: Adding input device ImExPS/2 Generic Explorer Mouse (/dev/input/event4)
[    88.025] (**) ImExPS/2 Generic Explorer Mouse: Applying InputClass "libinput pointer catchall"
[    88.025] (II) Using input driver 'libinput' for 'ImExPS/2 Generic Explorer Mouse'
[    88.026] (II) systemd-logind: got fd for /dev/input/event4 13:68 fd 28 paused 0
[    88.026] (**) ImExPS/2 Generic Explorer Mouse: always reports core events
[    88.026] (**) Option "Device" "/dev/input/event4"
[    88.026] (**) Option "_source" "server/udev"
[    88.027] (II) event4  - ImExPS/2 Generic Explorer Mouse: is tagged by udev as: Mouse
[    88.027] (II) event4  - ImExPS/2 Generic Explorer Mouse: device is a pointer
[    88.027] (II) event4  - ImExPS/2 Generic Explorer Mouse: device removed
[    88.027] (**) Option "config_info" "udev:/sys/devices/platform/i8042/serio1/input/input5/event4"
[    88.027] (II) XINPUT: Adding extended input device "ImExPS/2 Generic Explorer Mouse" (type: MOUSE, id 12)
[    88.027] (**) Option "AccelerationScheme" "none"
[    88.027] (**) ImExPS/2 Generic Explorer Mouse: (accel) selected scheme none/0
[    88.027] (**) ImExPS/2 Generic Explorer Mouse: (accel) acceleration factor: 2.000
[    88.027] (**) ImExPS/2 Generic Explorer Mouse: (accel) acceleration threshold: 4
[    88.028] (II) event4  - ImExPS/2 Generic Explorer Mouse: is tagged by udev as: Mouse
[    88.028] (II) event4  - ImExPS/2 Generic Explorer Mouse: device is a pointer
[    88.028] (II) config/udev: Adding input device ImExPS/2 Generic Explorer Mouse (/dev/input/mouse0)
[    88.028] (II) No input driver specified, ignoring this device.
[    88.028] (II) This device may have been added with another device file.
[    91.668] (II) modeset(0): EDID vendor "VBX", prod id 0
[    91.668] (II) modeset(0): DDCModeFromDetailedTiming: 1272x691 Warning: We only handle separate sync.
[    91.669] (II) modeset(0): Using EDID range info for horizontal sync
[    91.669] (II) modeset(0): Using EDID range info for vertical refresh
[  1426.173] (II) config/udev: removing device VirtualBox USB Tablet
[  1426.704] (**) Option "fd" "26"
[  1427.557] (II) event5  - VirtualBox USB Tablet: device removed
[  1429.632] (II) UnloadModule: "libinput"
[  1429.632] (II) systemd-logind: releasing fd for 13:69
[  1429.742] (EE) systemd-logind: failed to release device: Device not taken
[  1429.752] (II) config/udev: Adding input device VirtualBox USB Tablet (/dev/input/js0)
[  1429.752] (II) No input driver specified, ignoring this device.
[  1429.752] (II) This device may have been added with another device file.
[  1429.798] (II) config/udev: Adding input device VirtualBox USB Tablet (/dev/input/mouse1)
[  1429.798] (II) No input driver specified, ignoring this device.
[  1429.798] (II) This device may have been added with another device file.
[  1431.451] (II) config/udev: Adding input device VirtualBox USB Tablet (/dev/input/event5)
[  1431.451] (**) VirtualBox USB Tablet: Applying InputClass "libinput pointer catchall"
[  1431.452] (II) Using input driver 'libinput' for 'VirtualBox USB Tablet'
[  1431.809] (II) systemd-logind: got fd for /dev/input/event5 13:69 fd 47 paused 0
[  1431.809] (**) VirtualBox USB Tablet: always reports core events
[  1431.809] (**) Option "Device" "/dev/input/event5"
[  1431.809] (**) Option "_source" "server/udev"
[  1432.113] (II) event5  - VirtualBox USB Tablet: is tagged by udev as: Mouse
[  1432.113] (II) event5  - VirtualBox USB Tablet: device is a pointer
[  1432.114] (II) event5  - VirtualBox USB Tablet: device removed
[  1432.114] (**) Option "config_info" "udev:/sys/devices/pci0000:00/0000:00:06.0/usb1/1-1/1-1:1.0/0003:80EE:0021.0002/input/input8/event5"
[  1432.114] (II) XINPUT: Adding extended input device "VirtualBox USB Tablet" (type: MOUSE, id 10)
[  1432.115] (**) Option "AccelerationScheme" "none"
[  1432.118] (**) VirtualBox USB Tablet: (accel) selected scheme none/0
[  1432.118] (**) VirtualBox USB Tablet: (accel) acceleration factor: 2.000
[  1432.118] (**) VirtualBox USB Tablet: (accel) acceleration threshold: 4
[  1432.118] (II) event5  - VirtualBox USB Tablet: is tagged by udev as: Mouse
[  1432.118] (II) event5  - VirtualBox USB Tablet: device is a pointer
[  1967.016] (II) event6  - VirtualBox mouse integration: SYN_DROPPED event - some input events have been lost.
[  2723.359] (EE) client bug: timer event4 debounce: offset negative (-17ms)
[  5837.374] (II) config/udev: removing device VirtualBox USB Tablet
[  5837.910] (**) Option "fd" "47"
[  5837.910] (II) event5  - VirtualBox USB Tablet: device removed
[  5837.930] (II) UnloadModule: "libinput"
[  5837.930] (II) systemd-logind: releasing fd for 13:69
[  5837.931] (EE) systemd-logind: failed to release device: Device not taken
[  5841.469] (II) config/udev: Adding input device VirtualBox USB Tablet (/dev/input/js0)
[  5841.469] (II) No input driver specified, ignoring this device.
[  5841.469] (II) This device may have been added with another device file.
[  5841.475] (II) config/udev: Adding input device VirtualBox USB Tablet (/dev/input/mouse1)
[  5841.475] (II) No input driver specified, ignoring this device.
[  5841.475] (II) This device may have been added with another device file.
[  5842.186] (II) config/udev: Adding input device VirtualBox USB Tablet (/dev/input/event5)
[  5842.186] (**) VirtualBox USB Tablet: Applying InputClass "libinput pointer catchall"
[  5842.186] (II) Using input driver 'libinput' for 'VirtualBox USB Tablet'
[  5842.346] (II) systemd-logind: got fd for /dev/input/event5 13:69 fd 48 paused 0
[  5842.347] (**) VirtualBox USB Tablet: always reports core events
[  5842.347] (**) Option "Device" "/dev/input/event5"
[  5842.347] (**) Option "_source" "server/udev"
[  5842.347] (II) event5  - VirtualBox USB Tablet: is tagged by udev as: Mouse
[  5842.347] (II) event5  - VirtualBox USB Tablet: device is a pointer
[  5842.347] (II) event5  - VirtualBox USB Tablet: device removed
[  5842.347] (**) Option "config_info" "udev:/sys/devices/pci0000:00/0000:00:06.0/usb1/1-1/1-1:1.0/0003:80EE:0021.0003/input/input9/event5"
[  5842.347] (II) XINPUT: Adding extended input device "VirtualBox USB Tablet" (type: MOUSE, id 10)
[  5842.383] (**) Option "AccelerationScheme" "none"
[  5842.392] (**) VirtualBox USB Tablet: (accel) selected scheme none/0
[  5842.392] (**) VirtualBox USB Tablet: (accel) acceleration factor: 2.000
[  5842.392] (**) VirtualBox USB Tablet: (accel) acceleration threshold: 4
[  5842.395] (II) event5  - VirtualBox USB Tablet: is tagged by udev as: Mouse
[  5842.395] (II) event5  - VirtualBox USB Tablet: device is a pointer
[  5982.514] (II) event6  - VirtualBox mouse integration: SYN_DROPPED event - some input events have been lost.
[  5983.448] (EE) client bug: timer event4 debounce: offset negative (-691ms)
[  5984.760] (EE) client bug: timer event4 debounce: offset negative (-810ms)
